<?xml version="1.0" encoding="UTF-8"?>
<testng-results skipped="0" failed="0" ignored="0" total="1" passed="1">
  <reporter-output>
  </reporter-output>
  <suite name="Default suite" duration-ms="16693" started-at="2019-08-26T12:16:00Z" finished-at="2019-08-26T12:16:16Z">
    <groups>
    </groups>
    <test name="Default test" duration-ms="16693" started-at="2019-08-26T12:16:00Z" finished-at="2019-08-26T12:16:16Z">
      <class name="com.demo.ActiTime">
        <test-method status="PASS" signature="initialize()[pri:0, instance:com.demo.ActiTime@3c0ecd4b]" name="initialize" is-config="true" duration-ms="19" started-at="2019-08-26T12:16:00Z" finished-at="2019-08-26T12:16:00Z">
          <reporter-output>
          </reporter-output>
        </test-method> <!-- initialize -->
        <test-method status="PASS" signature="launch()[pri:0, instance:com.demo.ActiTime@3c0ecd4b]" name="launch" is-config="true" duration-ms="14841" started-at="2019-08-26T12:16:00Z" finished-at="2019-08-26T12:16:15Z">
          <reporter-output>
          </reporter-output>
        </test-method> <!-- launch -->
        <test-method status="PASS" signature="actiTimeTc1()[pri:0, instance:com.demo.ActiTime@3c0ecd4b]" name="actiTimeTc1" duration-ms="1569" started-at="2019-08-26T12:16:15Z" finished-at="2019-08-26T12:16:16Z">
          <reporter-output>
          </reporter-output>
        </test-method> <!-- actiTimeTc1 -->
        <test-method status="PASS" signature="closeApp()[pri:0, instance:com.demo.ActiTime@3c0ecd4b]" name="closeApp" is-config="true" duration-ms="168" started-at="2019-08-26T12:16:16Z" finished-at="2019-08-26T12:16:16Z">
          <reporter-output>
          </reporter-output>
        </test-method> <!-- closeApp -->
      </class> <!-- com.demo.ActiTime -->
    </test> <!-- Default test -->
  </suite> <!-- Default suite -->
</testng-results>
